
ROM used:   115/4096 (3%)
            115/4096 (3%) including unused fragments

            0.2 Average locations per line
            1.7 Average locations per statement

RAM used:   8/368 (2%) at main() level
            10/368 (3%) worst case

Stack used: 2 worst case (2 in main + 0 for interrupts)
Stack size: 8

Lines Stmts  %   Files
----- ----- ---  -----
   68    32  46  main.c
   23     0   0  C:\Program Files\PICC\Devices\main.h
  582     0   0  C:\Program Files\PICC\Devices\16F87.h
   12     2   3  conversion.c
   74    35  51  ds1307.c
----- -----
  759    69 Total

Page ROM  %  RAM    Vol Diff  Functions:
---- --- --- ---    --- ----  ----------
0     21  18    1   2046  6.4  @delay_ms1
0     35  30    1    106  1.3  beep
0     55  48    1    240  3.6  MAIN
 Inline         0    292  4.6  @cinit1

Program metrics:
    Functions               4
    Statements              69
    Comments                143
    Volume (V)              3266
    Difficulty (D)          16.3
    Effort to implement (E) 53157
    Time to implement (T)   49 minutes
    Est Delivered Bugs (B)  0
    Cyclomatic Complexity   7
    Maintainability (MI)    98

 Segment     Used  Free
-----------  ----  ----
00000-00003     4  0  
00004-007FF   111  1933  
00800-00FFF     0  2048  



