
ROM used: 199 (19%)
          199 (19%) including unused fragments

          1 Average locations per line
          2 Average locations per statement

RAM used: 9 (13%) at main() level
          12 (18%) worst case

Stack used: 2 worst case (out of 8 total available)

Lines Stmts  %   Files
----- ----- ---  -----
  113    57  69  uC.c
  116     0   0  C:\Program Files\PICC\devices\16F84A.h
   12     2   2  conversion.c
   58    24  29  ds1307.c
----- -----
  299    83 Total

Page ROM  %  RAM   Vol Diff  Functions:
---- --- --- ---   --- ----  ----------
0     20  10   1             @delay_ms1
 Inline        1   836  3.4  show
 Inline        0   195  1.4  clear
0    142  71   1    54  1.2  show_time
0     33  17   1   169  4.0  MAIN

Program metrics:
    Functions               4
    Statements              83
    Comments                67
    Volume (V)              1621
    Difficilty (D)          10.1
    Effort to implement (E) 16407
    Time to implement (T)   15 minutes
    Est Delivered Bugs (B)  0
    Cyclomatic Complexity   7
    Maintainability (MI)    93

 Segment     Used  Free
-----------  ----  ----
00000-00003     4  0  
00004-003FF   195  825  



